2024-06-22T06:52:30.012Z [info]: Starting the application
1719039333618 [info]: Starting the application
1719039416908 [info]: Starting the application
1719039459679 [info]: Starting the application
1719039459679 [info]: isDevMode: 
1719039459921 [info]: Got into init:repo
1719039459921 [info]: [object Object]
1719039460090 [info]: init done
1719039460090 [info]: from initRepo: branches: 
1719039460090 [info]: from initRepo: submodules: 
1719039473005 [info]: Starting the application
1719039473006 [info]: isDevMode: 
1719039473264 [info]: Got into init:repo
1719039473265 [info]: [object Object]
1719039473427 [info]: init done
1719039473427 [info]: from initRepo: branches: 
1719039473427 [info]: from initRepo: submodules: 
1719039743770 [info]: Starting the application
1719039743771 [info]: isDevMode: 
1719039744033 [info]: Got into init:repo
1719039744033 [info]: [object Object]
1719039744220 [info]: init done
1719039744220 [info]: from initRepo: branches: 
1719039744220 [info]: from initRepo: submodules: 
1719039858327 [info]: Starting the application
1719039858328 [info]: isDevMode: 
1719039858605 [info]: Got into init:repo
1719039858605 [info]: [object Object]
1719039858791 [info]: init done
1719039858791 [info]: from initRepo: branches: ["dev-mode","feature/add-loading-animation","feature/add-logger","feature/add-setting-control","feature/binary-search-commits","feature/error-notifier","feature/improve-results","floating-labels","main","new_main","release-action","python-imp"]
1719039858791 [info]: from initRepo: submodules: 
1719039929250 [info]: Starting the application
1719039929251 [info]: isDevMode: 
1719039929519 [info]: Got into init:repo
1719039929519 [info]: [object Object]
1719039929701 [info]: init done
1719039929703 [info]: from initRepo: branches: ["dev-mode","feature/add-loading-animation","feature/add-logger","feature/add-setting-control","feature/binary-search-commits","feature/error-notifier","feature/improve-results","floating-labels","main","new_main","release-action","python-imp"]
1719039929703 [info]: from initRepo: submodules: 
1719040030268 [info]: Starting the application
1719040030269 [info]: isDevMode: 
1719040030636 [info]: Got into init:repo
1719040030636 [info]: [object Object]
1719040030822 [info]: init done
1719040030824 [info]: from initRepo: branches:
"dev-mode"
"feature/add-loading-animation"
"feature/add-logger"
"feature/add-setting-control"
"feature/binary-search-commits"
"feature/error-notifier"
"feature/improve-results"
"floating-labels"
"main"
"new_main"
"release-action"
"python-imp"
1719040030824 [info]: from initRepo: branches: ["dev-mode","feature/add-loading-animation","feature/add-logger","feature/add-setting-control","feature/binary-search-commits","feature/error-notifier","feature/improve-results","floating-labels","main","new_main","release-action","python-imp"]
1719040030824 [info]: from initRepo: submodules: 
1719040357945 [info]: Starting the application
1719040357946 [info]: isDevMode: 
1719040358180 [info]: Got into init:repo
1719040358180 [info]: [object Object]
1719040358385 [info]: init done
1719040358386 [info]: from initRepo: branches:
"dev-mode"
"feature/add-loading-animation"
"feature/add-logger"
"feature/add-setting-control"
"feature/binary-search-commits"
"feature/error-notifier"
"feature/improve-results"
"floating-labels"
"main"
"new_main"
"release-action"
"python-imp"
1719040358387 [info]: from initRepo: branches: ["dev-mode","feature/add-loading-animation","feature/add-logger","feature/add-setting-control","feature/binary-search-commits","feature/error-notifier","feature/improve-results","floating-labels","main","new_main","release-action","python-imp"]
1719040358387 [info]: from initRepo: submodules: 
1719040407575 [info]: Starting the application
1719040407576 [info]: isDevMode: 
1719040407849 [info]: Got into init:repo
1719040407849 [info]: [object Object]
1719040408015 [info]: init done
1719040408017 [info]: from initRepo: branches:
"dev-mode"
"feature/add-loading-animation"
"feature/add-logger"
"feature/add-setting-control"
"feature/binary-search-commits"
"feature/error-notifier"
"feature/improve-results"
"floating-labels"
"main"
"new_main"
"release-action"
"python-imp"
1719040408017 [info]: from initRepo: branches: ["dev-mode","feature/add-loading-animation","feature/add-logger","feature/add-setting-control","feature/binary-search-commits","feature/error-notifier","feature/improve-results","floating-labels","main","new_main","release-action","python-imp"]
1719040408017 [info]: from initRepo: submodules: 
1719040483974 [info]: Starting the application
1719040483975 [info]: isDevMode: 
1719040484252 [info]: Got into init:repo
1719040484252 [info]: [object Object]
1719040484520 [info]: init done
1719040484521 [info]: from initRepo: branches:
"dev-mode"
"feature/add-loading-animation"
"feature/add-logger"
"feature/add-setting-control"
"feature/binary-search-commits"
"feature/error-notifier"
"feature/improve-results"
"floating-labels"
"main"
"new_main"
"release-action"
"python-imp"
1719040484522 [info]: from initRepo: branches: ["dev-mode","feature/add-loading-animation","feature/add-logger","feature/add-setting-control","feature/binary-search-commits","feature/error-notifier","feature/improve-results","floating-labels","main","new_main","release-action","python-imp"]
1719040484522 [info]: from initRepo: submodules: 
1719045781247 [info]: Starting the application
1719045781248 [info]: isDevMode: 
1719045781667 [info]: Got into init:repo
1719045781667 [info]: [object Object]
1719045781863 [info]: init done
1719045781864 [info]: from initRepo: branches:
"dev-mode"
"feature/add-loading-animation"
"feature/add-logger"
"feature/add-setting-control"
"feature/binary-search-commits"
"feature/error-notifier"
"feature/improve-results"
"floating-labels"
"main"
"new_main"
"release-action"
"python-imp"
1719045781865 [info]: from initRepo: branches: ["dev-mode","feature/add-loading-animation","feature/add-logger","feature/add-setting-control","feature/binary-search-commits","feature/error-notifier","feature/improve-results","floating-labels","main","new_main","release-action","python-imp"]
1719045781865 [info]: from initRepo: submodules: 
1719046158716 [info]: ipcMain: get-settings
1719046158716 [info]: settings: 
1719046366982 [info]: Starting the application
1719046366983 [info]: isDevMode: 
1719046367254 [info]: Got into init:repo
1719046367254 [info]: [object Object]
1719046367424 [info]: init done
1719046367425 [info]: from initRepo: branches:
"dev-mode"
"feature/add-loading-animation"
"feature/add-logger"
"feature/add-setting-control"
"feature/binary-search-commits"
"feature/error-notifier"
"feature/improve-results"
"floating-labels"
"main"
"new_main"
"release-action"
"python-imp"
1719046367425 [info]: from initRepo: branches: ["dev-mode","feature/add-loading-animation","feature/add-logger","feature/add-setting-control","feature/binary-search-commits","feature/error-notifier","feature/improve-results","floating-labels","main","new_main","release-action","python-imp"]
1719046367425 [info]: from initRepo: submodules: 
1719046791476 [info]: Starting the application
1719046791476 [info]: isDevMode: 
1719046791771 [info]: Got into init:repo
1719046791771 [info]: [object Object]
1719046791976 [info]: init done
1719046791977 [info]: from initRepo: branches:
"dev-mode"
"feature/add-loading-animation"
"feature/add-logger"
"feature/add-setting-control"
"feature/binary-search-commits"
"feature/error-notifier"
"feature/improve-results"
"floating-labels"
"main"
"new_main"
"release-action"
"python-imp"
1719046791977 [info]: from initRepo: branches: ["dev-mode","feature/add-loading-animation","feature/add-logger","feature/add-setting-control","feature/binary-search-commits","feature/error-notifier","feature/improve-results","floating-labels","main","new_main","release-action","python-imp"]
1719046791977 [info]: from initRepo: submodules: 
1719046793876 [info]: ipcMain: get-settings
1719046793876 [info]: settings: 
1719046849555 [info]: Starting the application
1719046849556 [info]: isDevMode: 
1719046849822 [info]: Got into init:repo
1719046849823 [info]: [object Object]
1719046849996 [info]: init done
1719046849998 [info]: from initRepo: branches:
"dev-mode"
"feature/add-loading-animation"
"feature/add-logger"
"feature/add-setting-control"
"feature/binary-search-commits"
"feature/error-notifier"
"feature/improve-results"
"floating-labels"
"main"
"new_main"
"release-action"
"python-imp"
1719046849998 [info]: from initRepo: branches: ["dev-mode","feature/add-loading-animation","feature/add-logger","feature/add-setting-control","feature/binary-search-commits","feature/error-notifier","feature/improve-results","floating-labels","main","new_main","release-action","python-imp"]
1719046849998 [info]: from initRepo: submodules: 
1719046851324 [info]: ipcMain: get-settings
1719046851324 [info]: settings: 
1719047016019 [info]: Starting the application
1719047016020 [info]: isDevMode: 
1719047016292 [info]: Got into init:repo
1719047016292 [info]: [object Object]
1719047016471 [info]: init done
1719047016473 [info]: from initRepo: branches:
"dev-mode"
"feature/add-loading-animation"
"feature/add-logger"
"feature/add-setting-control"
"feature/binary-search-commits"
"feature/error-notifier"
"feature/improve-results"
"floating-labels"
"main"
"new_main"
"release-action"
"python-imp"
1719047016473 [info]: from initRepo: branches: ["dev-mode","feature/add-loading-animation","feature/add-logger","feature/add-setting-control","feature/binary-search-commits","feature/error-notifier","feature/improve-results","floating-labels","main","new_main","release-action","python-imp"]
1719047016473 [info]: from initRepo: submodules: 
1719047082301 [info]: Starting the application
1719047082302 [info]: isDevMode: 
1719047082562 [info]: Got into init:repo
1719047082562 [info]: [object Object]
1719047082720 [info]: init done
1719047082722 [info]: from initRepo: branches:
"dev-mode"
"feature/add-loading-animation"
"feature/add-logger"
"feature/add-setting-control"
"feature/binary-search-commits"
"feature/error-notifier"
"feature/improve-results"
"floating-labels"
"main"
"new_main"
"release-action"
"python-imp"
1719047082722 [info]: from initRepo: branches: ["dev-mode","feature/add-loading-animation","feature/add-logger","feature/add-setting-control","feature/binary-search-commits","feature/error-notifier","feature/improve-results","floating-labels","main","new_main","release-action","python-imp"]
1719047082722 [info]: from initRepo: submodules: 
1719047085569 [info]: ipcMain: get-settings
1719047085569 [info]: settings: 
1719047186592 [info]: Starting the application
1719047186593 [info]: isDevMode: 
1719047186864 [info]: Got into init:repo
1719047186864 [info]: [object Object]
1719047187032 [info]: init done
1719047187033 [info]: from initRepo: branches:
"dev-mode"
"feature/add-loading-animation"
"feature/add-logger"
"feature/add-setting-control"
"feature/binary-search-commits"
"feature/error-notifier"
"feature/improve-results"
"floating-labels"
"main"
"new_main"
"release-action"
"python-imp"
1719047187033 [info]: from initRepo: branches: ["dev-mode","feature/add-loading-animation","feature/add-logger","feature/add-setting-control","feature/binary-search-commits","feature/error-notifier","feature/improve-results","floating-labels","main","new_main","release-action","python-imp"]
1719047187033 [info]: from initRepo: submodules: 
1719047188359 [info]: ipcMain: get-settings
1719047188359 [info]: settings: 
1719047733706 [info]: Starting the application
1719047733707 [info]: isDevMode: 
1719047733985 [info]: Got into init:repo
1719047733986 [info]: [object Object]
1719047734195 [info]: init done
1719047734197 [info]: from initRepo: branches:
"dev-mode"
"feature/add-loading-animation"
"feature/add-logger"
"feature/add-setting-control"
"feature/binary-search-commits"
"feature/error-notifier"
"feature/improve-results"
"floating-labels"
"main"
"new_main"
"release-action"
"python-imp"
1719047734197 [info]: from initRepo: branches: ["dev-mode","feature/add-loading-animation","feature/add-logger","feature/add-setting-control","feature/binary-search-commits","feature/error-notifier","feature/improve-results","floating-labels","main","new_main","release-action","python-imp"]
1719047734197 [info]: from initRepo: submodules: 
1719047735658 [info]: ipcMain: get-settings
1719047735658 [info]: settings: 
1719047795917 [info]: ipcMain: get-settings
1719047795917 [info]: settings: 
1719048606009 [info]: Starting the application
1719048606011 [info]: isDevMode: 
1719048606305 [info]: Got into init:repo
1719048606305 [info]: [object Object]
1719048606487 [info]: init done
1719048606489 [info]: from initRepo: branches:
"dev-mode"
"feature/add-loading-animation"
"feature/add-logger"
"feature/add-setting-control"
"feature/binary-search-commits"
"feature/error-notifier"
"feature/improve-results"
"floating-labels"
"main"
"new_main"
"release-action"
"python-imp"
1719048606489 [info]: from initRepo: branches: ["dev-mode","feature/add-loading-animation","feature/add-logger","feature/add-setting-control","feature/binary-search-commits","feature/error-notifier","feature/improve-results","floating-labels","main","new_main","release-action","python-imp"]
1719048606490 [info]: from initRepo: submodules: 
1719048608042 [info]: ipcMain: get-settings
1719048608043 [info]: settings: 
1719048687956 [info]: Starting the application
1719048687958 [info]: isDevMode: 
1719048688294 [info]: Got into init:repo
1719048688294 [info]: [object Object]
1719048688508 [info]: init done
1719048688510 [info]: from initRepo: branches:
"dev-mode"
"feature/add-loading-animation"
"feature/add-logger"
"feature/add-setting-control"
"feature/binary-search-commits"
"feature/error-notifier"
"feature/improve-results"
"floating-labels"
"main"
"new_main"
"release-action"
"python-imp"
1719048688510 [info]: from initRepo: branches: ["dev-mode","feature/add-loading-animation","feature/add-logger","feature/add-setting-control","feature/binary-search-commits","feature/error-notifier","feature/improve-results","floating-labels","main","new_main","release-action","python-imp"]
1719048688510 [info]: from initRepo: submodules: 
1719048690806 [info]: ipcMain: get-settings
1719048690806 [info]: settings: 
1719049108742 [info]: Starting the application
1719049108743 [info]: isDevMode: 
1719049109097 [info]: Got into init:repo
1719049109098 [info]: [object Object]
1719049109382 [info]: init done
1719049109384 [info]: from initRepo: branches:
"dev-mode"
"feature/add-loading-animation"
"feature/add-logger"
"feature/add-setting-control"
"feature/binary-search-commits"
"feature/error-notifier"
"feature/improve-results"
"floating-labels"
"main"
"new_main"
"release-action"
"python-imp"
1719049109384 [info]: from initRepo: branches: ["dev-mode","feature/add-loading-animation","feature/add-logger","feature/add-setting-control","feature/binary-search-commits","feature/error-notifier","feature/improve-results","floating-labels","main","new_main","release-action","python-imp"]
1719049109385 [info]: from initRepo: submodules: 
1719049111102 [info]: ipcMain: get-settings
1719049111103 [info]: settings: 
1719049241564 [info]: Starting the application
1719049241565 [info]: isDevMode: 
1719049241854 [info]: Got into init:repo
1719049241854 [info]: [object Object]
1719049242049 [info]: init done
1719049242050 [info]: from initRepo: branches:
"dev-mode"
"feature/add-loading-animation"
"feature/add-logger"
"feature/add-setting-control"
"feature/binary-search-commits"
"feature/error-notifier"
"feature/improve-results"
"floating-labels"
"main"
"new_main"
"release-action"
"python-imp"
1719049242051 [info]: from initRepo: branches: ["dev-mode","feature/add-loading-animation","feature/add-logger","feature/add-setting-control","feature/binary-search-commits","feature/error-notifier","feature/improve-results","floating-labels","main","new_main","release-action","python-imp"]
1719049242051 [info]: from initRepo: submodules: 
1719049291099 [info]: Starting the application
1719049291100 [info]: isDevMode: 
1719049291343 [info]: Got into init:repo
1719049291344 [info]: [object Object]
1719049291519 [info]: init done
1719049291521 [info]: from initRepo: branches:
"dev-mode"
"feature/add-loading-animation"
"feature/add-logger"
"feature/add-setting-control"
"feature/binary-search-commits"
"feature/error-notifier"
"feature/improve-results"
"floating-labels"
"main"
"new_main"
"release-action"
"python-imp"
1719049291521 [info]: from initRepo: branches: ["dev-mode","feature/add-loading-animation","feature/add-logger","feature/add-setting-control","feature/binary-search-commits","feature/error-notifier","feature/improve-results","floating-labels","main","new_main","release-action","python-imp"]
1719049291521 [info]: from initRepo: submodules: 
1719049294368 [info]: ipcMain: get-settings
1719049294368 [info]: settings: 
1719049350978 [info]: Starting the application
1719049350979 [info]: isDevMode: 
1719049351236 [info]: Got into init:repo
1719049351237 [info]: [object Object]
1719049351415 [info]: init done
1719049351417 [info]: from initRepo: branches:
"dev-mode"
"feature/add-loading-animation"
"feature/add-logger"
"feature/add-setting-control"
"feature/binary-search-commits"
"feature/error-notifier"
"feature/improve-results"
"floating-labels"
"main"
"new_main"
"release-action"
"python-imp"
1719049351417 [info]: from initRepo: branches: ["dev-mode","feature/add-loading-animation","feature/add-logger","feature/add-setting-control","feature/binary-search-commits","feature/error-notifier","feature/improve-results","floating-labels","main","new_main","release-action","python-imp"]
1719049351417 [info]: from initRepo: submodules: 
1719049353140 [info]: ipcMain: get-settings
1719049353140 [info]: settings: 
1719049401757 [info]: Starting the application
1719049401758 [info]: isDevMode: 
1719049402043 [info]: Got into init:repo
1719049402043 [info]: [object Object]
1719049402225 [info]: init done
1719049402227 [info]: from initRepo: branches:
"dev-mode"
"feature/add-loading-animation"
"feature/add-logger"
"feature/add-setting-control"
"feature/binary-search-commits"
"feature/error-notifier"
"feature/improve-results"
"floating-labels"
"main"
"new_main"
"release-action"
"python-imp"
1719049402227 [info]: from initRepo: branches: ["dev-mode","feature/add-loading-animation","feature/add-logger","feature/add-setting-control","feature/binary-search-commits","feature/error-notifier","feature/improve-results","floating-labels","main","new_main","release-action","python-imp"]
1719049402227 [info]: from initRepo: submodules: 
1719049403834 [info]: ipcMain: get-settings
1719049403834 [info]: settings: 
1719049445919 [info]: Starting the application
1719049445920 [info]: isDevMode: 
1719049446195 [info]: Got into init:repo
1719049446195 [info]: [object Object]
1719049446374 [info]: init done
1719049446377 [info]: from initRepo: branches:
"dev-mode"
"feature/add-loading-animation"
"feature/add-logger"
"feature/add-setting-control"
"feature/binary-search-commits"
"feature/error-notifier"
"feature/improve-results"
"floating-labels"
"main"
"new_main"
"release-action"
"python-imp"
1719049446377 [info]: from initRepo: branches: ["dev-mode","feature/add-loading-animation","feature/add-logger","feature/add-setting-control","feature/binary-search-commits","feature/error-notifier","feature/improve-results","floating-labels","main","new_main","release-action","python-imp"]
1719049446377 [info]: from initRepo: submodules: 
1719049447895 [info]: ipcMain: get-settings
1719049447895 [info]: settings: 
1719049454392 [info]: Starting the application
1719049454393 [info]: isDevMode: 
1719049454650 [info]: Got into init:repo
1719049454650 [info]: [object Object]
1719049454846 [info]: init done
1719049454847 [info]: from initRepo: branches:
"dev-mode"
"feature/add-loading-animation"
"feature/add-logger"
"feature/add-setting-control"
"feature/binary-search-commits"
"feature/error-notifier"
"feature/improve-results"
"floating-labels"
"main"
"new_main"
"release-action"
"python-imp"
1719049454847 [info]: from initRepo: branches: ["dev-mode","feature/add-loading-animation","feature/add-logger","feature/add-setting-control","feature/binary-search-commits","feature/error-notifier","feature/improve-results","floating-labels","main","new_main","release-action","python-imp"]
1719049454847 [info]: from initRepo: submodules: 
1719049456548 [info]: ipcMain: get-settings
1719049456548 [info]: settings: 
1719049670067 [info]: Starting the application
1719049670068 [info]: isDevMode: 
1719049670300 [info]: Got into init:repo
1719049670301 [info]: [object Object]
1719049670469 [info]: init done
1719049670471 [info]: from initRepo: branches:
"dev-mode"
"feature/add-loading-animation"
"feature/add-logger"
"feature/add-setting-control"
"feature/binary-search-commits"
"feature/error-notifier"
"feature/improve-results"
"floating-labels"
"main"
"new_main"
"release-action"
"python-imp"
1719049670471 [info]: from initRepo: branches: ["dev-mode","feature/add-loading-animation","feature/add-logger","feature/add-setting-control","feature/binary-search-commits","feature/error-notifier","feature/improve-results","floating-labels","main","new_main","release-action","python-imp"]
1719049670471 [info]: from initRepo: submodules: 
1719049671441 [info]: Starting the application
1719049671442 [info]: isDevMode: 
1719049671714 [info]: Got into init:repo
1719049671715 [info]: [object Object]
1719049671875 [info]: init done
1719049671877 [info]: from initRepo: branches:
"dev-mode"
"feature/add-loading-animation"
"feature/add-logger"
"feature/add-setting-control"
"feature/binary-search-commits"
"feature/error-notifier"
"feature/improve-results"
"floating-labels"
"main"
"new_main"
"release-action"
"python-imp"
1719049671878 [info]: from initRepo: branches: ["dev-mode","feature/add-loading-animation","feature/add-logger","feature/add-setting-control","feature/binary-search-commits","feature/error-notifier","feature/improve-results","floating-labels","main","new_main","release-action","python-imp"]
1719049671878 [info]: from initRepo: submodules: 
1719049676334 [info]: ipcMain: get-settings
1719049676334 [info]: settings: 
1719049719479 [info]: Starting the application
1719049719480 [info]: isDevMode: 
1719049719721 [info]: Got into init:repo
1719049719721 [info]: [object Object]
1719049719889 [info]: init done
1719049719891 [info]: from initRepo: branches:
"dev-mode"
"feature/add-loading-animation"
"feature/add-logger"
"feature/add-setting-control"
"feature/binary-search-commits"
"feature/error-notifier"
"feature/improve-results"
"floating-labels"
"main"
"new_main"
"release-action"
"python-imp"
1719049719891 [info]: from initRepo: branches: ["dev-mode","feature/add-loading-animation","feature/add-logger","feature/add-setting-control","feature/binary-search-commits","feature/error-notifier","feature/improve-results","floating-labels","main","new_main","release-action","python-imp"]
1719049719891 [info]: from initRepo: submodules: 
1719049722824 [info]: ipcMain: get-settings
1719049722825 [info]: settings: 
1719050101530 [info]: Starting the application
1719050101531 [info]: isDevMode: 
1719050101789 [info]: Got into init:repo
1719050101789 [info]: [object Object]
1719050101972 [info]: init done
1719050101974 [info]: from initRepo: branches:
"dev-mode"
"feature/add-loading-animation"
"feature/add-logger"
"feature/add-setting-control"
"feature/binary-search-commits"
"feature/error-notifier"
"feature/improve-results"
"floating-labels"
"main"
"new_main"
"release-action"
"python-imp"
1719050101977 [info]: from initRepo: branches: ["dev-mode","feature/add-loading-animation","feature/add-logger","feature/add-setting-control","feature/binary-search-commits","feature/error-notifier","feature/improve-results","floating-labels","main","new_main","release-action","python-imp"]
1719050101977 [info]: from initRepo: submodules: 
1719050115485 [info]: ipcMain: get-settings
1719050115485 [info]: settings: 
1719050375794 [info]: Starting the application
1719050375795 [info]: isDevMode: 
1719050376080 [info]: Got into init:repo
1719050376081 [info]: [object Object]
1719050376256 [info]: init done
1719050376257 [info]: from initRepo: branches:
"dev-mode"
"feature/add-loading-animation"
"feature/add-logger"
"feature/add-setting-control"
"feature/binary-search-commits"
"feature/error-notifier"
"feature/improve-results"
"floating-labels"
"main"
"new_main"
"release-action"
"python-imp"
1719050376257 [info]: from initRepo: branches: ["dev-mode","feature/add-loading-animation","feature/add-logger","feature/add-setting-control","feature/binary-search-commits","feature/error-notifier","feature/improve-results","floating-labels","main","new_main","release-action","python-imp"]
1719050376257 [info]: from initRepo: submodules: 
1719050379355 [info]: ipcMain: get-settings
1719050379356 [info]: settings: 
1719050415638 [info]: Starting the application
1719050415638 [info]: isDevMode: 
1719050415889 [info]: Got into init:repo
1719050415889 [info]: [object Object]
1719050416050 [info]: init done
1719050416051 [info]: from initRepo: branches:
"dev-mode"
"feature/add-loading-animation"
"feature/add-logger"
"feature/add-setting-control"
"feature/binary-search-commits"
"feature/error-notifier"
"feature/improve-results"
"floating-labels"
"main"
"new_main"
"release-action"
"python-imp"
1719050416052 [info]: from initRepo: branches: ["dev-mode","feature/add-loading-animation","feature/add-logger","feature/add-setting-control","feature/binary-search-commits","feature/error-notifier","feature/improve-results","floating-labels","main","new_main","release-action","python-imp"]
1719050416052 [info]: from initRepo: submodules: 
1719050417583 [info]: ipcMain: get-settings
1719050417583 [info]: settings: 
1719050476857 [info]: Starting the application
1719050476858 [info]: isDevMode: 
1719050477176 [info]: Got into init:repo
1719050477176 [info]: [object Object]
1719050477343 [info]: init done
1719050477345 [info]: from initRepo: branches:
"dev-mode"
"feature/add-loading-animation"
"feature/add-logger"
"feature/add-setting-control"
"feature/binary-search-commits"
"feature/error-notifier"
"feature/improve-results"
"floating-labels"
"main"
"new_main"
"release-action"
"python-imp"
1719050477345 [info]: from initRepo: branches: ["dev-mode","feature/add-loading-animation","feature/add-logger","feature/add-setting-control","feature/binary-search-commits","feature/error-notifier","feature/improve-results","floating-labels","main","new_main","release-action","python-imp"]
1719050477345 [info]: from initRepo: submodules: 
1719050479015 [info]: ipcMain: get-settings
1719050479015 [info]: settings: 
1719050516830 [info]: Starting the application
1719050516831 [info]: isDevMode: 
1719050517105 [info]: Got into init:repo
1719050517105 [info]: [object Object]
1719050517272 [info]: init done
1719050517273 [info]: from initRepo: branches:
"dev-mode"
"feature/add-loading-animation"
"feature/add-logger"
"feature/add-setting-control"
"feature/binary-search-commits"
"feature/error-notifier"
"feature/improve-results"
"floating-labels"
"main"
"new_main"
"release-action"
"python-imp"
1719050517273 [info]: from initRepo: branches: ["dev-mode","feature/add-loading-animation","feature/add-logger","feature/add-setting-control","feature/binary-search-commits","feature/error-notifier","feature/improve-results","floating-labels","main","new_main","release-action","python-imp"]
1719050517273 [info]: from initRepo: submodules: 
1719050518953 [info]: ipcMain: get-settings
1719050518953 [info]: settings: 
1719050567622 [info]: Starting the application
1719050567622 [info]: isDevMode: 
1719050567883 [info]: Got into init:repo
1719050567884 [info]: [object Object]
1719050568054 [info]: init done
1719050568056 [info]: from initRepo: branches:
"dev-mode"
"feature/add-loading-animation"
"feature/add-logger"
"feature/add-setting-control"
"feature/binary-search-commits"
"feature/error-notifier"
"feature/improve-results"
"floating-labels"
"main"
"new_main"
"release-action"
"python-imp"
1719050568056 [info]: from initRepo: branches: ["dev-mode","feature/add-loading-animation","feature/add-logger","feature/add-setting-control","feature/binary-search-commits","feature/error-notifier","feature/improve-results","floating-labels","main","new_main","release-action","python-imp"]
1719050568056 [info]: from initRepo: submodules: 
1719050570490 [info]: ipcMain: get-settings
1719050570490 [info]: settings: 
1719050693405 [info]: Close settings window
1719050717477 [info]: ipcMain: get-settings
1719050717477 [info]: settings: 
1719051108480 [info]: Starting the application
1719051108481 [info]: isDevMode: 
1719051108842 [info]: Got into init:repo
1719051108842 [info]: [object Object]
1719051109025 [info]: init done
1719051109027 [info]: from initRepo: branches:
"dev-mode"
"feature/add-loading-animation"
"feature/add-logger"
"feature/add-setting-control"
"feature/binary-search-commits"
"feature/error-notifier"
"feature/improve-results"
"floating-labels"
"main"
"new_main"
"release-action"
"python-imp"
1719051109027 [info]: from initRepo: branches: ["dev-mode","feature/add-loading-animation","feature/add-logger","feature/add-setting-control","feature/binary-search-commits","feature/error-notifier","feature/improve-results","floating-labels","main","new_main","release-action","python-imp"]
1719051109027 [info]: from initRepo: submodules: 
1719051110667 [info]: ipcMain: get-settings
1719051110668 [info]: settings: 
1719051191838 [info]: Starting the application
1719051191839 [info]: isDevMode: 
1719051192134 [info]: Got into init:repo
1719051192135 [info]: [object Object]
1719051192326 [info]: init done
1719051192328 [info]: from initRepo: branches:
"dev-mode"
"feature/add-loading-animation"
"feature/add-logger"
"feature/add-setting-control"
"feature/binary-search-commits"
"feature/error-notifier"
"feature/improve-results"
"floating-labels"
"main"
"new_main"
"release-action"
"python-imp"
1719051192328 [info]: from initRepo: branches: ["dev-mode","feature/add-loading-animation","feature/add-logger","feature/add-setting-control","feature/binary-search-commits","feature/error-notifier","feature/improve-results","floating-labels","main","new_main","release-action","python-imp"]
1719051192328 [info]: from initRepo: submodules: 
1719051193942 [info]: ipcMain: get-settings
1719051193942 [info]: settings: 
1719051249394 [info]: Starting the application
1719051249395 [info]: isDevMode: 
1719051249685 [info]: Got into init:repo
1719051249685 [info]: [object Object]
1719051249873 [info]: init done
1719051249875 [info]: from initRepo: branches:
"dev-mode"
"feature/add-loading-animation"
"feature/add-logger"
"feature/add-setting-control"
"feature/binary-search-commits"
"feature/error-notifier"
"feature/improve-results"
"floating-labels"
"main"
"new_main"
"release-action"
"python-imp"
1719051249875 [info]: from initRepo: branches: ["dev-mode","feature/add-loading-animation","feature/add-logger","feature/add-setting-control","feature/binary-search-commits","feature/error-notifier","feature/improve-results","floating-labels","main","new_main","release-action","python-imp"]
1719051249875 [info]: from initRepo: submodules: 
1719051251540 [info]: ipcMain: get-settings
1719051251540 [info]: settings: 
1719051298480 [info]: ipcMain: save-settings
1719051298480 [info]: newSettings: 
1719051298480 [info]: Saving to settings file:
1719051298482 [info]: Close settings window
